Analysis & Synthesis report for 4b
Thu Mar 14 17:11:59 2019
Quartus Prime Version 16.0.0 Build 211 04/27/2016 SJ Standard Edition


---------------------
; Table of Contents ;
---------------------
  1. Legal Notice
  2. Analysis & Synthesis Summary
  3. Analysis & Synthesis Settings
  4. Parallel Compilation
  5. Analysis & Synthesis Messages



----------------
; Legal Notice ;
----------------
Copyright (C) 1991-2016 Altera Corporation. All rights reserved.
Your use of Altera Corporation's design tools, logic functions 
and other software and tools, and its AMPP partner logic 
functions, and any output files from any of the foregoing 
(including device programming or simulation files), and any 
associated documentation or information are expressly subject 
to the terms and conditions of the Altera Program License 
Subscription Agreement, the Altera Quartus Prime License Agreement,
the Altera MegaCore Function License Agreement, or other 
applicable license agreement, including, without limitation, 
that your use is for the sole purpose of programming logic 
devices manufactured by Altera and sold by Altera or its 
authorized distributors.  Please refer to the applicable 
agreement for further details.



+--------------------------------------------------------------------------------------+
; Analysis & Synthesis Summary                                                         ;
+------------------------------------+-------------------------------------------------+
; Analysis & Synthesis Status        ; Failed - Thu Mar 14 17:11:59 2019               ;
; Quartus Prime Version              ; 16.0.0 Build 211 04/27/2016 SJ Standard Edition ;
; Revision Name                      ; 4b                                              ;
; Top-level Entity Name              ; REG                                             ;
; Family                             ; Cyclone IV E                                    ;
; Total logic elements               ; N/A until Partition Merge                       ;
;     Total combinational functions  ; N/A until Partition Merge                       ;
;     Dedicated logic registers      ; N/A until Partition Merge                       ;
; Total registers                    ; N/A until Partition Merge                       ;
; Total pins                         ; N/A until Partition Merge                       ;
; Total virtual pins                 ; N/A until Partition Merge                       ;
; Total memory bits                  ; N/A until Partition Merge                       ;
; Embedded Multiplier 9-bit elements ; N/A until Partition Merge                       ;
; Total PLLs                         ; N/A until Partition Merge                       ;
+------------------------------------+-------------------------------------------------+


+----------------------------------------------------------------------------------------------------------------------+
; Analysis & Synthesis Settings                                                                                        ;
+----------------------------------------------------------------------------+--------------------+--------------------+
; Option                                                                     ; Setting            ; Default Value      ;
+----------------------------------------------------------------------------+--------------------+--------------------+
; Device                                                                     ; EP4CE115F29C7      ;                    ;
; Top-level entity name                                                      ; REG                ; 4b                 ;
; Family name                                                                ; Cyclone IV E       ; Cyclone V          ;
; Use smart compilation                                                      ; Off                ; Off                ;
; Enable parallel Assembler and TimeQuest Timing Analyzer during compilation ; On                 ; On                 ;
; Enable compact report table                                                ; Off                ; Off                ;
; Restructure Multiplexers                                                   ; Auto               ; Auto               ;
; Create Debugging Nodes for IP Cores                                        ; Off                ; Off                ;
; Preserve fewer node names                                                  ; On                 ; On                 ;
; Disable OpenCore Plus hardware evaluation                                  ; Off                ; Off                ;
; Verilog Version                                                            ; Verilog_2001       ; Verilog_2001       ;
; VHDL Version                                                               ; VHDL_1993          ; VHDL_1993          ;
; State Machine Processing                                                   ; Auto               ; Auto               ;
; Safe State Machine                                                         ; Off                ; Off                ;
; Extract Verilog State Machines                                             ; On                 ; On                 ;
; Extract VHDL State Machines                                                ; On                 ; On                 ;
; Ignore Verilog initial constructs                                          ; Off                ; Off                ;
; Iteration limit for constant Verilog loops                                 ; 5000               ; 5000               ;
; Iteration limit for non-constant Verilog loops                             ; 250                ; 250                ;
; Add Pass-Through Logic to Inferred RAMs                                    ; On                 ; On                 ;
; Infer RAMs from Raw Logic                                                  ; On                 ; On                 ;
; Parallel Synthesis                                                         ; On                 ; On                 ;
; DSP Block Balancing                                                        ; Auto               ; Auto               ;
; NOT Gate Push-Back                                                         ; On                 ; On                 ;
; Power-Up Don't Care                                                        ; On                 ; On                 ;
; Remove Redundant Logic Cells                                               ; Off                ; Off                ;
; Remove Duplicate Registers                                                 ; On                 ; On                 ;
; Ignore CARRY Buffers                                                       ; Off                ; Off                ;
; Ignore CASCADE Buffers                                                     ; Off                ; Off                ;
; Ignore GLOBAL Buffers                                                      ; Off                ; Off                ;
; Ignore ROW GLOBAL Buffers                                                  ; Off                ; Off                ;
; Ignore LCELL Buffers                                                       ; Off                ; Off                ;
; Ignore SOFT Buffers                                                        ; On                 ; On                 ;
; Limit AHDL Integers to 32 Bits                                             ; Off                ; Off                ;
; Optimization Technique                                                     ; Balanced           ; Balanced           ;
; Carry Chain Length                                                         ; 70                 ; 70                 ;
; Auto Carry Chains                                                          ; On                 ; On                 ;
; Auto Open-Drain Pins                                                       ; On                 ; On                 ;
; Perform WYSIWYG Primitive Resynthesis                                      ; Off                ; Off                ;
; Auto ROM Replacement                                                       ; On                 ; On                 ;
; Auto RAM Replacement                                                       ; On                 ; On                 ;
; Auto DSP Block Replacement                                                 ; On                 ; On                 ;
; Auto Shift Register Replacement                                            ; Auto               ; Auto               ;
; Allow Shift Register Merging across Hierarchies                            ; Auto               ; Auto               ;
; Auto Clock Enable Replacement                                              ; On                 ; On                 ;
; Strict RAM Replacement                                                     ; Off                ; Off                ;
; Allow Synchronous Control Signals                                          ; On                 ; On                 ;
; Force Use of Synchronous Clear Signals                                     ; Off                ; Off                ;
; Auto RAM Block Balancing                                                   ; On                 ; On                 ;
; Auto RAM to Logic Cell Conversion                                          ; Off                ; Off                ;
; Auto Resource Sharing                                                      ; Off                ; Off                ;
; Allow Any RAM Size For Recognition                                         ; Off                ; Off                ;
; Allow Any ROM Size For Recognition                                         ; Off                ; Off                ;
; Allow Any Shift Register Size For Recognition                              ; Off                ; Off                ;
; Use LogicLock Constraints during Resource Balancing                        ; On                 ; On                 ;
; Ignore translate_off and synthesis_off directives                          ; Off                ; Off                ;
; Timing-Driven Synthesis                                                    ; On                 ; On                 ;
; Report Parameter Settings                                                  ; On                 ; On                 ;
; Report Source Assignments                                                  ; On                 ; On                 ;
; Report Connectivity Checks                                                 ; On                 ; On                 ;
; Ignore Maximum Fan-Out Assignments                                         ; Off                ; Off                ;
; Synchronization Register Chain Length                                      ; 2                  ; 2                  ;
; PowerPlay Power Optimization During Synthesis                              ; Normal compilation ; Normal compilation ;
; HDL message level                                                          ; Level2             ; Level2             ;
; Suppress Register Optimization Related Messages                            ; Off                ; Off                ;
; Number of Removed Registers Reported in Synthesis Report                   ; 5000               ; 5000               ;
; Number of Swept Nodes Reported in Synthesis Report                         ; 5000               ; 5000               ;
; Number of Inverted Registers Reported in Synthesis Report                  ; 100                ; 100                ;
; Clock MUX Protection                                                       ; On                 ; On                 ;
; Auto Gated Clock Conversion                                                ; Off                ; Off                ;
; Block Design Naming                                                        ; Auto               ; Auto               ;
; SDC constraint protection                                                  ; Off                ; Off                ;
; Synthesis Effort                                                           ; Auto               ; Auto               ;
; Shift Register Replacement - Allow Asynchronous Clear Signal               ; On                 ; On                 ;
; Pre-Mapping Resynthesis Optimization                                       ; Off                ; Off                ;
; Analysis & Synthesis Message Level                                         ; Medium             ; Medium             ;
; Disable Register Merging Across Hierarchies                                ; Auto               ; Auto               ;
; Resource Aware Inference For Block RAM                                     ; On                 ; On                 ;
; Synthesis Seed                                                             ; 1                  ; 1                  ;
+----------------------------------------------------------------------------+--------------------+--------------------+


+------------------------------------------+
; Parallel Compilation                     ;
+----------------------------+-------------+
; Processors                 ; Number      ;
+----------------------------+-------------+
; Number detected on machine ; 8           ;
; Maximum allowed            ; 4           ;
;                            ;             ;
; Average used               ; 1.00        ;
; Maximum used               ; 1           ;
;                            ;             ;
; Usage by Processor         ; % Time Used ;
;     Processor 1            ; 100.0%      ;
+----------------------------+-------------+


+-------------------------------+
; Analysis & Synthesis Messages ;
+-------------------------------+
Info: *******************************************************************
Info: Running Quartus Prime Analysis & Synthesis
    Info: Version 16.0.0 Build 211 04/27/2016 SJ Standard Edition
    Info: Processing started: Thu Mar 14 17:11:47 2019
Info: Command: quartus_map --read_settings_files=on --write_settings_files=off 4b -c 4b
Warning (18236): Number of processors has not been specified which may cause overloading on shared machines.  Set the global assignment NUM_PARALLEL_PROCESSORS in your QSF to an appropriate value for best performance.
Info (20030): Parallel compilation is enabled and will use 4 of the 4 processors detected
Info (12021): Found 2 design units, including 1 entities, in source file /home/student1/vshreeka/coe608/lab4/lab4b/uze.vhd
    Info (12022): Found design unit 1: uze-Description File: /home/student1/vshreeka/coe608/lab4/lab4b/uze.vhd Line: 10
    Info (12023): Found entity 1: uze File: /home/student1/vshreeka/coe608/lab4/lab4b/uze.vhd Line: 4
Info (12021): Found 2 design units, including 1 entities, in source file /home/student1/vshreeka/coe608/lab4/lab4b/sevenSeg_8bit.vhd
    Info (12022): Found design unit 1: sevenSeg_8bit-behaviour File: /home/student1/vshreeka/coe608/lab4/lab4b/sevenSeg_8bit.vhd Line: 29
    Info (12023): Found entity 1: sevenSeg_8bit File: /home/student1/vshreeka/coe608/lab4/lab4b/sevenSeg_8bit.vhd Line: 15
Info (12021): Found 2 design units, including 1 entities, in source file /home/student1/vshreeka/coe608/lab4/lab4b/ror32.vhd
    Info (12022): Found design unit 1: ror32-description File: /home/student1/vshreeka/coe608/lab4/lab4b/ror32.vhd Line: 10
    Info (12023): Found entity 1: ror32 File: /home/student1/vshreeka/coe608/lab4/lab4b/ror32.vhd Line: 5
Info (12021): Found 2 design units, including 1 entities, in source file /home/student1/vshreeka/coe608/lab4/lab4b/rol32.vhd
    Info (12022): Found design unit 1: rol32-description File: /home/student1/vshreeka/coe608/lab4/lab4b/rol32.vhd Line: 10
    Info (12023): Found entity 1: rol32 File: /home/student1/vshreeka/coe608/lab4/lab4b/rol32.vhd Line: 5
Info (12021): Found 2 design units, including 1 entities, in source file /home/student1/vshreeka/coe608/lab4/lab4b/register32.vhd
    Info (12022): Found design unit 1: register32-description File: /home/student1/vshreeka/coe608/lab4/lab4b/register32.vhd Line: 15
    Info (12023): Found entity 1: register32 File: /home/student1/vshreeka/coe608/lab4/lab4b/register32.vhd Line: 6
Info (12021): Found 2 design units, including 1 entities, in source file /home/student1/vshreeka/coe608/lab4/lab4b/red.vhd
    Info (12022): Found design unit 1: red-Description File: /home/student1/vshreeka/coe608/lab4/lab4b/red.vhd Line: 10
    Info (12023): Found entity 1: red File: /home/student1/vshreeka/coe608/lab4/lab4b/red.vhd Line: 4
Info (12021): Found 2 design units, including 1 entities, in source file /home/student1/vshreeka/coe608/lab4/lab4b/pc.vhd
    Info (12022): Found design unit 1: pc-description File: /home/student1/vshreeka/coe608/lab4/lab4b/pc.vhd Line: 16
    Info (12023): Found entity 1: pc File: /home/student1/vshreeka/coe608/lab4/lab4b/pc.vhd Line: 6
Info (12021): Found 2 design units, including 1 entities, in source file /home/student1/vshreeka/coe608/lab4/lab4b/or32.vhd
    Info (12022): Found design unit 1: or32-description File: /home/student1/vshreeka/coe608/lab4/lab4b/or32.vhd Line: 11
    Info (12023): Found entity 1: or32 File: /home/student1/vshreeka/coe608/lab4/lab4b/or32.vhd Line: 5
Info (12021): Found 2 design units, including 1 entities, in source file /home/student1/vshreeka/coe608/lab4/lab4b/not32.vhd
    Info (12022): Found design unit 1: not32-description File: /home/student1/vshreeka/coe608/lab4/lab4b/not32.vhd Line: 10
    Info (12023): Found entity 1: not32 File: /home/student1/vshreeka/coe608/lab4/lab4b/not32.vhd Line: 5
Info (12021): Found 2 design units, including 1 entities, in source file /home/student1/vshreeka/coe608/lab4/lab4b/mux_3to1.vhd
    Info (12022): Found design unit 1: mux_3to1-mux_3to1 File: /home/student1/vshreeka/coe608/lab4/lab4b/mux_3to1.vhd Line: 11
    Info (12023): Found entity 1: mux_3to1 File: /home/student1/vshreeka/coe608/lab4/lab4b/mux_3to1.vhd Line: 5
Info (12021): Found 2 design units, including 1 entities, in source file /home/student1/vshreeka/coe608/lab4/lab4b/mux8to1.vhd
    Info (12022): Found design unit 1: mux8to1-description File: /home/student1/vshreeka/coe608/lab4/lab4b/mux8to1.vhd Line: 11
    Info (12023): Found entity 1: mux8to1 File: /home/student1/vshreeka/coe608/lab4/lab4b/mux8to1.vhd Line: 5
Info (12021): Found 2 design units, including 1 entities, in source file /home/student1/vshreeka/coe608/lab4/lab4b/mux2to1.vhd
    Info (12022): Found design unit 1: mux2to1-description File: /home/student1/vshreeka/coe608/lab4/lab4b/mux2to1.vhd Line: 11
    Info (12023): Found entity 1: mux2to1 File: /home/student1/vshreeka/coe608/lab4/lab4b/mux2to1.vhd Line: 5
Info (12021): Found 2 design units, including 1 entities, in source file /home/student1/vshreeka/coe608/lab4/lab4b/lze.vhd
    Info (12022): Found design unit 1: lze-Description File: /home/student1/vshreeka/coe608/lab4/lab4b/lze.vhd Line: 10
    Info (12023): Found entity 1: lze File: /home/student1/vshreeka/coe608/lab4/lab4b/lze.vhd Line: 4
Info (12021): Found 2 design units, including 1 entities, in source file /home/student1/vshreeka/coe608/lab4/lab4b/lab3_b.vhd
    Info (12022): Found design unit 1: lab3_b-behavior File: /home/student1/vshreeka/coe608/lab4/lab4b/lab3_b.vhd Line: 26
    Info (12023): Found entity 1: lab3_b File: /home/student1/vshreeka/coe608/lab4/lab4b/lab3_b.vhd Line: 9
Info (12021): Found 2 design units, including 1 entities, in source file /home/student1/vshreeka/coe608/lab4/lab4b/fulladder.vhd
    Info (12022): Found design unit 1: fulladder-description File: /home/student1/vshreeka/coe608/lab4/lab4b/fulladder.vhd Line: 13
    Info (12023): Found entity 1: fulladder File: /home/student1/vshreeka/coe608/lab4/lab4b/fulladder.vhd Line: 5
Info (12021): Found 2 design units, including 1 entities, in source file /home/student1/vshreeka/coe608/lab4/lab4b/datapath.vhd
    Info (12022): Found design unit 1: datapath-description File: /home/student1/vshreeka/coe608/lab4/lab4b/datapath.vhd Line: 42
    Info (12023): Found entity 1: datapath File: /home/student1/vshreeka/coe608/lab4/lab4b/datapath.vhd Line: 6
Info (12021): Found 2 design units, including 1 entities, in source file /home/student1/vshreeka/coe608/lab4/lab4b/data_mem.vhd
    Info (12022): Found design unit 1: data_mem-Description File: /home/student1/vshreeka/coe608/lab4/lab4b/data_mem.vhd Line: 14
    Info (12023): Found entity 1: data_mem File: /home/student1/vshreeka/coe608/lab4/lab4b/data_mem.vhd Line: 4
Info (12021): Found 2 design units, including 1 entities, in source file /home/student1/vshreeka/coe608/lab4/lab4b/and32.vhd
    Info (12022): Found design unit 1: and32-description File: /home/student1/vshreeka/coe608/lab4/lab4b/and32.vhd Line: 11
    Info (12023): Found entity 1: and32 File: /home/student1/vshreeka/coe608/lab4/lab4b/and32.vhd Line: 5
Info (12021): Found 2 design units, including 1 entities, in source file /home/student1/vshreeka/coe608/lab4/lab4b/alu.vhd
    Info (12022): Found design unit 1: alu-description File: /home/student1/vshreeka/coe608/lab4/lab4b/alu.vhd Line: 14
    Info (12023): Found entity 1: alu File: /home/student1/vshreeka/coe608/lab4/lab4b/alu.vhd Line: 5
Info (12021): Found 2 design units, including 1 entities, in source file /home/student1/vshreeka/coe608/lab4/lab4b/adder32.vhd
    Info (12022): Found design unit 1: adder32-description File: /home/student1/vshreeka/coe608/lab4/lab4b/adder32.vhd Line: 13
    Info (12023): Found entity 1: adder32 File: /home/student1/vshreeka/coe608/lab4/lab4b/adder32.vhd Line: 5
Info (12021): Found 2 design units, including 1 entities, in source file /home/student1/vshreeka/coe608/lab3/mux_2to1.vhd
    Info (12022): Found design unit 1: mux_2to1-mux_2to1Impl File: /home/student1/vshreeka/coe608/lab3/mux_2to1.vhd Line: 12
    Info (12023): Found entity 1: mux_2to1 File: /home/student1/vshreeka/coe608/lab3/mux_2to1.vhd Line: 6
Error (10430): VHDL Primary Unit Declaration error at 4a.vhd(4): primary unit "data_mem" already exists in library "work". Compile the two primary units into different libraries or assign them unique names. The Altera Knowledge Database contains many articles with specific details on how to resolve this error. Visit the Knowledge Database at https://www.altera.com/support/support-resources/knowledge-base/search.html and search for this specific error message number. File: /home/student1/vshreeka/coe608/lab4/4a.vhd Line: 4
Error (10784): HDL error at data_mem.vhd(4): see declaration for object "data_mem" File: /home/student1/vshreeka/coe608/lab4/lab4b/data_mem.vhd Line: 4
Info (12021): Found 0 design units, including 0 entities, in source file /home/student1/vshreeka/coe608/lab4/4a.vhd
Error (10430): VHDL Primary Unit Declaration error at mux3to1.vhd(6): primary unit "mux_3to1" already exists in library "work". Compile the two primary units into different libraries or assign them unique names. The Altera Knowledge Database contains many articles with specific details on how to resolve this error. Visit the Knowledge Database at https://www.altera.com/support/support-resources/knowledge-base/search.html and search for this specific error message number. File: /home/student1/vshreeka/coe608/lab4/4b/mux3to1.vhd Line: 6
Error (10784): HDL error at mux_3to1.vhd(5): see declaration for object "mux_3to1" File: /home/student1/vshreeka/coe608/lab4/lab4b/mux_3to1.vhd Line: 5
Info (12021): Found 0 design units, including 0 entities, in source file mux3to1.vhd
Error (10500): VHDL syntax error at REG.vhd(30) near text "elsif";  expecting "end", or "(", or an identifier ("elsif" is a reserved keyword), or a sequential statement File: /home/student1/vshreeka/coe608/lab4/4b/REG.vhd Line: 30
Error (10500): VHDL syntax error at REG.vhd(30) near text "then";  expecting ":=", or "<=" File: /home/student1/vshreeka/coe608/lab4/4b/REG.vhd Line: 30
Error (10500): VHDL syntax error at REG.vhd(35) near text "if";  expecting "process" File: /home/student1/vshreeka/coe608/lab4/4b/REG.vhd Line: 35
Info (12021): Found 0 design units, including 0 entities, in source file REG.vhd
Error: Quartus Prime Analysis & Synthesis was unsuccessful. 7 errors, 1 warning
    Error: Peak virtual memory: 1296 megabytes
    Error: Processing ended: Thu Mar 14 17:11:59 2019
    Error: Elapsed time: 00:00:12
    Error: Total CPU time (on all processors): 00:00:25


