Flow report for 4a
Tue Feb 26 18:15:58 2019
Quartus II 32-bit Version 13.0.1 Build 232 06/12/2013 Service Pack 1 SJ Full Version


---------------------
; Table of Contents ;
---------------------
  1. Legal Notice
  2. Flow Summary
  3. Flow Settings
  4. Flow Non-Default Global Settings
  5. Flow Elapsed Time
  6. Flow OS Summary
  7. Flow Log
  8. Flow Messages
  9. Flow Suppressed Messages



----------------
; Legal Notice ;
----------------
Copyright (C) 1991-2013 Altera Corporation
Your use of Altera Corporation's design tools, logic functions 
and other software and tools, and its AMPP partner logic 
functions, and any output files from any of the foregoing 
(including device programming or simulation files), and any 
associated documentation or information are expressly subject 
to the terms and conditions of the Altera Program License 
Subscription Agreement, Altera MegaCore Function License 
Agreement, or other applicable license agreement, including, 
without limitation, that your use is for the sole purpose of 
programming logic devices manufactured by Altera and sold by 
Altera or its authorized distributors.  Please refer to the 
applicable agreement for further details.



+---------------------------------------------------------------------------------------+
; Flow Summary                                                                          ;
+------------------------------------+--------------------------------------------------+
; Flow Status                        ; Successful - Tue Feb 26 18:15:45 2019            ;
; Quartus II 32-bit Version          ; 13.0.1 Build 232 06/12/2013 SP 1 SJ Full Version ;
; Revision Name                      ; 4a                                               ;
; Top-level Entity Name              ; data_mem                                         ;
; Family                             ; Cyclone IV E                                     ;
; Device                             ; EP4CE75F29C7                                     ;
; Timing Models                      ; Final                                            ;
; Total logic elements               ; 9,918 / 75,408 ( 13 % )                          ;
;     Total combinational functions  ; 5,769 / 75,408 ( 8 % )                           ;
;     Dedicated logic registers      ; 8,224 / 75,408 ( 11 % )                          ;
; Total registers                    ; 8224                                             ;
; Total pins                         ; 75 / 427 ( 18 % )                                ;
; Total virtual pins                 ; 0                                                ;
; Total memory bits                  ; 0 / 2,810,880 ( 0 % )                            ;
; Embedded Multiplier 9-bit elements ; 0 / 400 ( 0 % )                                  ;
; Total PLLs                         ; 0 / 4 ( 0 % )                                    ;
+------------------------------------+--------------------------------------------------+


+-----------------------------------------+
; Flow Settings                           ;
+-------------------+---------------------+
; Option            ; Setting             ;
+-------------------+---------------------+
; Start date & time ; 02/26/2019 18:12:59 ;
; Main task         ; Compilation         ;
; Revision Name     ; 4a                  ;
+-------------------+---------------------+


+-----------------------------------------------------------------------------------------------------------------+
; Flow Non-Default Global Settings                                                                                ;
+-------------------------------------+--------------------------------+---------------+-------------+------------+
; Assignment Name                     ; Value                          ; Default Value ; Entity Name ; Section Id ;
+-------------------------------------+--------------------------------+---------------+-------------+------------+
; COMPILER_SIGNATURE_ID               ; 26403104927478.155122277904314 ; --            ; --          ; --         ;
; MAX_CORE_JUNCTION_TEMP              ; 85                             ; --            ; --          ; --         ;
; MIN_CORE_JUNCTION_TEMP              ; 0                              ; --            ; --          ; --         ;
; NOMINAL_CORE_SUPPLY_VOLTAGE         ; 1.2V                           ; --            ; --          ; --         ;
; PARTITION_COLOR                     ; 16764057                       ; --            ; data_mem    ; Top        ;
; PARTITION_FITTER_PRESERVATION_LEVEL ; PLACEMENT_AND_ROUTING          ; --            ; data_mem    ; Top        ;
; PARTITION_NETLIST_TYPE              ; SOURCE                         ; --            ; data_mem    ; Top        ;
; PROJECT_OUTPUT_DIRECTORY            ; output_files                   ; --            ; --          ; --         ;
; TOP_LEVEL_ENTITY                    ; data_mem                       ; 4a            ; --          ; --         ;
+-------------------------------------+--------------------------------+---------------+-------------+------------+


+-------------------------------------------------------------------------------------------------------------------------------+
; Flow Elapsed Time                                                                                                             ;
+---------------------------+--------------+-------------------------+---------------------+------------------------------------+
; Module Name               ; Elapsed Time ; Average Processors Used ; Peak Virtual Memory ; Total CPU Time (on all processors) ;
+---------------------------+--------------+-------------------------+---------------------+------------------------------------+
; Analysis & Synthesis      ; 00:00:24     ; 1.0                     ; 422 MB              ; 00:00:23                           ;
; Fitter                    ; 00:02:07     ; 3.0                     ; 869 MB              ; 00:02:48                           ;
; Assembler                 ; 00:00:05     ; 1.0                     ; 361 MB              ; 00:00:05                           ;
; TimeQuest Timing Analyzer ; 00:00:11     ; 1.0                     ; 521 MB              ; 00:00:12                           ;
; Total                     ; 00:02:47     ; --                      ; --                  ; 00:03:28                           ;
+---------------------------+--------------+-------------------------+---------------------+------------------------------------+


+-----------------------------------------------------------------------------------------------------+
; Flow OS Summary                                                                                     ;
+---------------------------+------------------------+------------------+------------+----------------+
; Module Name               ; Machine Hostname       ; OS Name          ; OS Version ; Processor type ;
+---------------------------+------------------------+------------------+------------+----------------+
; Analysis & Synthesis      ; halfrunt.ee.ryerson.ca ; Scientific Linux ; 6          ; x86_64         ;
; Fitter                    ; halfrunt.ee.ryerson.ca ; Scientific Linux ; 6          ; x86_64         ;
; Assembler                 ; halfrunt.ee.ryerson.ca ; Scientific Linux ; 6          ; x86_64         ;
; TimeQuest Timing Analyzer ; halfrunt.ee.ryerson.ca ; Scientific Linux ; 6          ; x86_64         ;
+---------------------------+------------------------+------------------+------------+----------------+


------------
; Flow Log ;
------------
quartus_map --read_settings_files=on --write_settings_files=off 4a -c 4a
quartus_fit --read_settings_files=off --write_settings_files=off 4a -c 4a
quartus_asm --read_settings_files=off --write_settings_files=off 4a -c 4a
quartus_sta 4a -c 4a



